<?xml version="1.0" encoding="UTF-8"?>
<testng-results skipped="0" failed="0" ignored="0" total="1" passed="1">
  <reporter-output>
  </reporter-output>
  <suite name="Default suite" duration-ms="17537" started-at="2022-03-21T13:05:34Z" finished-at="2022-03-21T13:05:52Z">
    <groups>
      <group name="cucumber">
        <method signature="AbstractTestNGCucumberTests.feature(cucumber.api.testng.CucumberFeatureWrapper)[pri:0, instance:com.Runner.Runner@551bdc27]" name="feature" class="cucumber.api.testng.AbstractTestNGCucumberTests"/>
      </group> <!-- cucumber -->
    </groups>
    <test name="Default test" duration-ms="17537" started-at="2022-03-21T13:05:34Z" finished-at="2022-03-21T13:05:52Z">
      <class name="com.Runner.Runner">
        <test-method status="PASS" signature="setup()[pri:0, instance:com.Runner.Runner@551bdc27]" name="setup" is-config="true" duration-ms="2284" started-at="2022-03-21T13:05:32Z" finished-at="2022-03-21T13:05:34Z">
          <reporter-output>
          </reporter-output>
        </test-method> <!-- setup -->
        <test-method status="PASS" signature="setUpClass()[pri:0, instance:com.Runner.Runner@551bdc27]" name="setUpClass" is-config="true" duration-ms="156" started-at="2022-03-21T13:05:34Z" finished-at="2022-03-21T13:05:34Z">
          <reporter-output>
          </reporter-output>
        </test-method> <!-- setUpClass -->
        <test-method status="PASS" signature="feature(cucumber.api.testng.CucumberFeatureWrapper)[pri:0, instance:com.Runner.Runner@551bdc27]" name="feature" duration-ms="16883" started-at="2022-03-21T13:05:34Z" description="Runs Cucumber Feature" data-provider="features" finished-at="2022-03-21T13:05:51Z">
          <params>
            <param index="0">
              <value>
                <![CDATA[content/assets/read asset]]>
              </value>
            </param>
          </params>
          <reporter-output>
          </reporter-output>
        </test-method> <!-- feature -->
        <test-method status="PASS" signature="SETUP()[pri:0, instance:com.Runner.Runner@551bdc27]" name="SETUP" is-config="true" duration-ms="21" started-at="2022-03-21T13:05:51Z" finished-at="2022-03-21T13:05:51Z">
          <reporter-output>
          </reporter-output>
        </test-method> <!-- SETUP -->
        <test-method status="PASS" signature="tearDownClass()[pri:0, instance:com.Runner.Runner@551bdc27]" name="tearDownClass" is-config="true" duration-ms="407" started-at="2022-03-21T13:05:51Z" finished-at="2022-03-21T13:05:52Z">
          <reporter-output>
          </reporter-output>
        </test-method> <!-- tearDownClass -->
        <test-method status="PASS" signature="tearDown()[pri:0, instance:com.Runner.Runner@551bdc27]" name="tearDown" is-config="true" duration-ms="63" started-at="2022-03-21T13:05:52Z" finished-at="2022-03-21T13:05:52Z">
          <reporter-output>
          </reporter-output>
        </test-method> <!-- tearDown -->
      </class> <!-- com.Runner.Runner -->
    </test> <!-- Default test -->
  </suite> <!-- Default suite -->
</testng-results>
